<?xml version="1.0" encoding="UTF-8"?>
<!-- Generated by org.testng.reporters.JUnitReportReporter -->
<testsuite hostname="RLE0420" name="Education_LOB.Education_LOB.BillSO" tests="1" failures="0" timestamp="23 Jan 2019 09:54:14 GMT" time="83.402" errors="0">
  <testcase name="invoice" time="83.402" classname="Education_LOB.Education_LOB.BillSO"/>
</testsuite> <!-- Education_LOB.Education_LOB.BillSO -->
