<?xml version="1.0" encoding="UTF-8"?>
<!-- Generated by org.testng.reporters.JUnitReportReporter -->
<testsuite hostname="RLE0420" name="Education_LOB.Education_LOB.AcceptPayment" tests="1" failures="0" timestamp="23 Jan 2019 09:54:14 GMT" time="166.399" errors="0">
  <testcase name="payment" time="166.399" classname="Education_LOB.Education_LOB.AcceptPayment"/>
</testsuite> <!-- Education_LOB.Education_LOB.AcceptPayment -->
