<?xml version="1.0" encoding="UTF-8"?>
<!-- Generated by org.testng.reporters.JUnitReportReporter -->
<testsuite hostname="RLE0420" name="Education_LOB.Education_LOB.Fullfill" tests="1" failures="0" timestamp="23 Jan 2019 09:54:14 GMT" time="168.599" errors="0">
  <testcase name="validation" time="168.599" classname="Education_LOB.Education_LOB.Fullfill"/>
</testsuite> <!-- Education_LOB.Education_LOB.Fullfill -->
